<?xml version="1.0" encoding="UTF-8"?>
<!-- Generated by org.testng.reporters.JUnitReportReporter -->
<testsuite hostname="DESKTOP-URBGAET" failures="0" tests="1" name="com.swag.testcases.ChromeTest" time="3.072" errors="0" timestamp="2022-03-27T21:40:10 BDT" skipped="0">
  <testcase classname="com.swag.testcases.ChromeTest" name="testOne" time="3.072"/>
  <system-out/>
</testsuite> <!-- com.swag.testcases.ChromeTest -->
